<?xml version="1.0" encoding="UTF-8"?>
<testsuite xmlns:xsi="http://www.w3.org/2001/XMLSchema-instance" xsi:noNamespaceSchemaLocation="https://maven.apache.org/surefire/maven-surefire-plugin/xsd/surefire-test-report-3.0.xsd" version="3.0" name="edu.postech.csed332.homework3.StringAdjacencyMutableGraphTest" time="0.04" tests="13" errors="0" skipped="0" failures="0">
  <properties>
    <property name="sun.desktop" value="windows"/>
    <property name="awt.toolkit" value="sun.awt.windows.WToolkit"/>
    <property name="java.specification.version" value="11"/>
    <property name="sun.cpu.isalist" value="amd64"/>
    <property name="sun.jnu.encoding" value="MS949"/>
    <property name="java.class.path" value="C:\github\software-design\homework3\target\test-classes;C:\github\software-design\homework3\target\classes;C:\Users\codybright\.m2\repository\org\jetbrains\annotations\20.1.0\annotations-20.1.0.jar;C:\Users\codybright\.m2\repository\org\junit\jupiter\junit-jupiter\5.7.0\junit-jupiter-5.7.0.jar;C:\Users\codybright\.m2\repository\org\junit\jupiter\junit-jupiter-api\5.7.0\junit-jupiter-api-5.7.0.jar;C:\Users\codybright\.m2\repository\org\apiguardian\apiguardian-api\1.1.0\apiguardian-api-1.1.0.jar;C:\Users\codybright\.m2\repository\org\opentest4j\opentest4j\1.2.0\opentest4j-1.2.0.jar;C:\Users\codybright\.m2\repository\org\junit\platform\junit-platform-commons\1.7.0\junit-platform-commons-1.7.0.jar;C:\Users\codybright\.m2\repository\org\junit\jupiter\junit-jupiter-params\5.7.0\junit-jupiter-params-5.7.0.jar;C:\Users\codybright\.m2\repository\org\junit\jupiter\junit-jupiter-engine\5.7.0\junit-jupiter-engine-5.7.0.jar;C:\Users\codybright\.m2\repository\org\junit\platform\junit-platform-engine\1.7.0\junit-platform-engine-1.7.0.jar;"/>
    <property name="java.vm.vendor" value="Oracle Corporation"/>
    <property name="sun.arch.data.model" value="64"/>
    <property name="user.variant" value=""/>
    <property name="java.vendor.url" value="https://openjdk.java.net/"/>
    <property name="user.timezone" value="Asia/Seoul"/>
    <property name="java.vm.specification.version" value="11"/>
    <property name="os.name" value="Windows 10"/>
    <property name="sun.java.launcher" value="SUN_STANDARD"/>
    <property name="user.country" value="US"/>
    <property name="sun.boot.library.path" value="C:\Program Files\Java\jdk-11.0.8\bin"/>
    <property name="sun.java.command" value="C:\Users\codybright\AppData\Local\Temp\surefire3818880471475264042\surefirebooter11305816215485905202.jar C:\Users\codybright\AppData\Local\Temp\surefire3818880471475264042 2020-10-07T22-35-51_772-jvmRun1 surefire3288216121214412226tmp surefire_010560875964537631066tmp"/>
    <property name="jdk.debug" value="release"/>
    <property name="surefire.test.class.path" value="C:\github\software-design\homework3\target\test-classes;C:\github\software-design\homework3\target\classes;C:\Users\codybright\.m2\repository\org\jetbrains\annotations\20.1.0\annotations-20.1.0.jar;C:\Users\codybright\.m2\repository\org\junit\jupiter\junit-jupiter\5.7.0\junit-jupiter-5.7.0.jar;C:\Users\codybright\.m2\repository\org\junit\jupiter\junit-jupiter-api\5.7.0\junit-jupiter-api-5.7.0.jar;C:\Users\codybright\.m2\repository\org\apiguardian\apiguardian-api\1.1.0\apiguardian-api-1.1.0.jar;C:\Users\codybright\.m2\repository\org\opentest4j\opentest4j\1.2.0\opentest4j-1.2.0.jar;C:\Users\codybright\.m2\repository\org\junit\platform\junit-platform-commons\1.7.0\junit-platform-commons-1.7.0.jar;C:\Users\codybright\.m2\repository\org\junit\jupiter\junit-jupiter-params\5.7.0\junit-jupiter-params-5.7.0.jar;C:\Users\codybright\.m2\repository\org\junit\jupiter\junit-jupiter-engine\5.7.0\junit-jupiter-engine-5.7.0.jar;C:\Users\codybright\.m2\repository\org\junit\platform\junit-platform-engine\1.7.0\junit-platform-engine-1.7.0.jar;"/>
    <property name="sun.cpu.endian" value="little"/>
    <property name="user.home" value="C:\Users\codybright"/>
    <property name="user.language" value="en"/>
    <property name="java.specification.vendor" value="Oracle Corporation"/>
    <property name="java.version.date" value="2020-07-14"/>
    <property name="java.home" value="C:\Program Files\Java\jdk-11.0.8"/>
    <property name="file.separator" value="\"/>
    <property name="basedir" value="C:\github\software-design\homework3"/>
    <property name="java.vm.compressedOopsMode" value="Zero based"/>
    <property name="line.separator" value="&#10;"/>
    <property name="java.specification.name" value="Java Platform API Specification"/>
    <property name="java.vm.specification.vendor" value="Oracle Corporation"/>
    <property name="java.awt.graphicsenv" value="sun.awt.Win32GraphicsEnvironment"/>
    <property name="surefire.real.class.path" value="C:\Users\codybright\AppData\Local\Temp\surefire3818880471475264042\surefirebooter11305816215485905202.jar"/>
    <property name="user.script" value=""/>
    <property name="sun.management.compiler" value="HotSpot 64-Bit Tiered Compilers"/>
    <property name="java.runtime.version" value="11.0.8+10-LTS"/>
    <property name="user.name" value="codybright"/>
    <property name="path.separator" value=";"/>
    <property name="os.version" value="10.0"/>
    <property name="java.runtime.name" value="Java(TM) SE Runtime Environment"/>
    <property name="file.encoding" value="MS949"/>
    <property name="java.vm.name" value="Java HotSpot(TM) 64-Bit Server VM"/>
    <property name="java.vendor.version" value="18.9"/>
    <property name="localRepository" value="C:\Users\codybright\.m2\repository"/>
    <property name="java.vendor.url.bug" value="https://bugreport.java.com/bugreport/"/>
    <property name="java.io.tmpdir" value="C:\Users\CODYBR~1\AppData\Local\Temp\"/>
    <property name="java.version" value="11.0.8"/>
    <property name="user.dir" value="C:\github\software-design\homework3"/>
    <property name="os.arch" value="amd64"/>
    <property name="java.vm.specification.name" value="Java Virtual Machine Specification"/>
    <property name="java.awt.printerjob" value="sun.awt.windows.WPrinterJob"/>
    <property name="sun.os.patch.level" value=""/>
    <property name="java.library.path" value="C:\Program Files\Java\jdk-11.0.8\bin;C:\WINDOWS\Sun\Java\bin;C:\WINDOWS\system32;C:\WINDOWS;C:\Program Files\Common Files\Oracle\Java\javapath;C:\Program Files (x86)\Common Files\Oracle\Java\javapath;C:\Windows\system32;C:\Windows;C:\Windows\System32\Wbem;C:\Windows\System32\WindowsPowerShell\v1.0\;C:\Program Files (x86)\NVIDIA Corporation\PhysX\Common;C:\WINDOWS\system32;C:\WINDOWS;C:\WINDOWS\System32\Wbem;C:\WINDOWS\System32\WindowsPowerShell\v1.0\;C:\WINDOWS\System32\OpenSSH\;C:\ProgramData\chocolatey\bin;%JAVA_HOME%;C:\Program Files\NVIDIA Corporation\NVIDIA NvDLISR;C:\Program Files\nodejs\;C:\Program Files (x86)\Yarn\bin\;C:\Program Files (x86)\Intel\Intel(R) Management Engine Components\DAL;C:\Program Files\Intel\Intel(R) Management Engine Components\DAL;%JRE_HOME%;C:\Apache\apache-zookeeper-3.5.6-bin\bin;C:\Program Files\MongoDB\Server\4.2\bin;C:\Apache\spark-2.4.4-bin-hadoop2.7\bin;C:\Apache\hadoop-2.7.7\bin;C:\Program Files\PuTTY\;C:\WINDOWS\system32;C:\WINDOWS;C:\WINDOWS\System32\Wbem;C:\WINDOWS\System32\WindowsPowerShell\v1.0\;C:\WINDOWS\System32\OpenSSH\;C:\Users\codybright\AppData\Local\Programs\Python\Python36\Scripts\;C:\Users\codybright\AppData\Local\Programs\Python\Python36\;C:\Users\codybright\AppData\Local\Programs\Microsoft VS Code\bin;C:\Users\codybright\AppData\Local\Android\Sdk\platform-tools;C:\Program Files\CMake\bin;C:\Program Files (x86)\Vim\vim81;C:\Program Files\Git\bin;C:\Users\codybright\AppData\Roaming\npm;C:\Users\codybright\AppData\Local\Yarn\bin;C:\Modeltech_pe_edu_10.4a\win32pe_edu;C:\Program Files\apache-maven-3.6.3\bin;C:\Users\codybright\AppData\Local\Google\Cloud SDK\google-cloud-sdk\bin;C:\Users\codybright\AppData\Local\Microsoft\WindowsApps;;."/>
    <property name="java.vendor" value="Oracle Corporation"/>
    <property name="java.vm.info" value="mixed mode"/>
    <property name="java.vm.version" value="11.0.8+10-LTS"/>
    <property name="sun.io.unicode.encoding" value="UnicodeLittle"/>
    <property name="java.class.version" value="55.0"/>
  </properties>
  <testcase name="testGetSources" classname="edu.postech.csed332.homework3.StringAdjacencyMutableGraphTest" time="0.002"/>
  <testcase name="testContainsVertex" classname="edu.postech.csed332.homework3.StringAdjacencyMutableGraphTest" time="0.001"/>
  <testcase name="testAddDuplicateVertices" classname="edu.postech.csed332.homework3.StringAdjacencyMutableGraphTest" time="0.003"/>
  <testcase name="testGetEdges" classname="edu.postech.csed332.homework3.StringAdjacencyMutableGraphTest" time="0.001"/>
  <testcase name="testAddEdge" classname="edu.postech.csed332.homework3.StringAdjacencyMutableGraphTest" time="0.002"/>
  <testcase name="testGetTargets" classname="edu.postech.csed332.homework3.StringAdjacencyMutableGraphTest" time="0.001"/>
  <testcase name="testContainsEdge" classname="edu.postech.csed332.homework3.StringAdjacencyMutableGraphTest" time="0.001"/>
  <testcase name="testGetVertices" classname="edu.postech.csed332.homework3.StringAdjacencyMutableGraphTest" time="0.001"/>
  <testcase name="testRemoveVertex" classname="edu.postech.csed332.homework3.StringAdjacencyMutableGraphTest" time="0.001"/>
  <testcase name="testRemoveEdge" classname="edu.postech.csed332.homework3.StringAdjacencyMutableGraphTest" time="0.002"/>
  <testcase name="testAddVertex" classname="edu.postech.csed332.homework3.StringAdjacencyMutableGraphTest" time="0.002"/>
  <testcase name="testFindReachableVertices" classname="edu.postech.csed332.homework3.StringAdjacencyMutableGraphTest" time="0.005"/>
  <testcase name="testCheckInv" classname="edu.postech.csed332.homework3.StringAdjacencyMutableGraphTest" time="0.002"/>
</testsuite>